[02-May-2025 10:07:08 Europe/Berlin] API Error in get_user_data.php: Connection refused
[02-May-2025 10:07:08 Europe/Berlin] API Error in get_user_achievements.php: Connection refused
[02-May-2025 10:11:06 Europe/Berlin] API Error in get_user_data.php: Connection refused
[02-May-2025 10:15:19 Europe/Berlin] PHP Fatal error:  Uncaught Error: Call to undefined function pg_connect() in /Applications/XAMPP/xamppfiles/htdocs/AntwortenTrainer/includes/db_connection.php:13
Stack trace:
#0 /Applications/XAMPP/xamppfiles/htdocs/AntwortenTrainer/api/get_user_achievements.php(23): require_once()
#1 {main}
  thrown in /Applications/XAMPP/xamppfiles/htdocs/AntwortenTrainer/includes/db_connection.php on line 13
[02-May-2025 10:15:19 Europe/Berlin] PHP Fatal error:  Uncaught Error: Call to undefined function pg_connect() in /Applications/XAMPP/xamppfiles/htdocs/AntwortenTrainer/includes/db_connection.php:13
Stack trace:
#0 /Applications/XAMPP/xamppfiles/htdocs/AntwortenTrainer/api/get_user_data.php(23): require_once()
#1 {main}
  thrown in /Applications/XAMPP/xamppfiles/htdocs/AntwortenTrainer/includes/db_connection.php on line 13
[02-May-2025 10:20:39 Europe/Berlin] PHP Fatal error:  Uncaught Error: Call to undefined function pg_connect() in /Applications/XAMPP/xamppfiles/htdocs/AntwortenTrainer/includes/db_connection.php:13
Stack trace:
#0 /Applications/XAMPP/xamppfiles/htdocs/AntwortenTrainer/api/get_user_data.php(23): require_once()
#1 {main}
  thrown in /Applications/XAMPP/xamppfiles/htdocs/AntwortenTrainer/includes/db_connection.php on line 13
[02-May-2025 10:25:17 Europe/Berlin] PHP Warning:  Undefined property: PDO::$connect_error in /Applications/XAMPP/xamppfiles/htdocs/AntwortenTrainer/api/get_user_data.php on line 29
[02-May-2025 10:25:17 Europe/Berlin] PHP Fatal error:  Uncaught Error: Call to undefined method PDOStatement::bind_param() in /Applications/XAMPP/xamppfiles/htdocs/AntwortenTrainer/api/get_user_data.php:42
Stack trace:
#0 {main}
  thrown in /Applications/XAMPP/xamppfiles/htdocs/AntwortenTrainer/api/get_user_data.php on line 42
[02-May-2025 10:28:27 Europe/Berlin] PHP Fatal error:  Uncaught mysqli_sql_exception: Connection refused in /Applications/XAMPP/xamppfiles/htdocs/AntwortenTrainer/api/get_user_data.php:30
Stack trace:
#0 /Applications/XAMPP/xamppfiles/htdocs/AntwortenTrainer/api/get_user_data.php(30): mysqli->__construct('localhost', 'postgres', Object(SensitiveParameterValue), 'cervelingua')
#1 {main}
  thrown in /Applications/XAMPP/xamppfiles/htdocs/AntwortenTrainer/api/get_user_data.php on line 30
[04-May-2025 19:13:49 UTC] PHP Fatal error:  Uncaught Error: Class "mysqli" not found in /var/www/html/api/get_user_data.php:30
Stack trace:
#0 {main}
  thrown in /var/www/html/api/get_user_data.php on line 30
[04-May-2025 19:13:53 UTC] PHP Fatal error:  Uncaught Error: Class "mysqli" not found in /var/www/html/api/get_user_data.php:30
Stack trace:
#0 {main}
  thrown in /var/www/html/api/get_user_data.php on line 30
[04-May-2025 19:13:57 UTC] PHP Fatal error:  Uncaught Error: Class "mysqli" not found in /var/www/html/api/get_user_data.php:30
Stack trace:
#0 {main}
  thrown in /var/www/html/api/get_user_data.php on line 30
[04-May-2025 19:14:04 UTC] PHP Fatal error:  Uncaught Error: Class "mysqli" not found in /var/www/html/api/get_user_data.php:30
Stack trace:
#0 {main}
  thrown in /var/www/html/api/get_user_data.php on line 30
[04-May-2025 19:14:04 UTC] PHP Fatal error:  Uncaught Error: Class "mysqli" not found in /var/www/html/api/get_user_data.php:30
Stack trace:
#0 {main}
  thrown in /var/www/html/api/get_user_data.php on line 30
[04-May-2025 19:14:06 UTC] PHP Fatal error:  Uncaught Error: Class "mysqli" not found in /var/www/html/api/get_user_data.php:30
Stack trace:
#0 {main}
  thrown in /var/www/html/api/get_user_data.php on line 30
[04-May-2025 19:14:07 UTC] PHP Fatal error:  Uncaught Error: Class "mysqli" not found in /var/www/html/api/get_user_data.php:30
Stack trace:
#0 {main}
  thrown in /var/www/html/api/get_user_data.php on line 30
[04-May-2025 19:14:08 UTC] PHP Fatal error:  Uncaught Error: Class "mysqli" not found in /var/www/html/api/get_user_data.php:30
Stack trace:
#0 {main}
  thrown in /var/www/html/api/get_user_data.php on line 30
[04-May-2025 19:15:12 UTC] PHP Fatal error:  Uncaught Error: Class "mysqli" not found in /var/www/html/api/get_user_data.php:30
Stack trace:
#0 {main}
  thrown in /var/www/html/api/get_user_data.php on line 30
[04-May-2025 19:15:14 UTC] PHP Fatal error:  Uncaught Error: Class "mysqli" not found in /var/www/html/api/get_user_data.php:30
Stack trace:
#0 {main}
  thrown in /var/www/html/api/get_user_data.php on line 30
[04-May-2025 19:15:15 UTC] PHP Fatal error:  Uncaught Error: Class "mysqli" not found in /var/www/html/api/get_user_data.php:30
Stack trace:
#0 {main}
  thrown in /var/www/html/api/get_user_data.php on line 30
[04-May-2025 19:15:16 UTC] PHP Fatal error:  Uncaught Error: Class "mysqli" not found in /var/www/html/api/get_user_data.php:30
Stack trace:
#0 {main}
  thrown in /var/www/html/api/get_user_data.php on line 30
[04-May-2025 19:15:17 UTC] PHP Fatal error:  Uncaught Error: Class "mysqli" not found in /var/www/html/api/get_user_data.php:30
Stack trace:
#0 {main}
  thrown in /var/www/html/api/get_user_data.php on line 30
[04-May-2025 19:16:11 UTC] PHP Fatal error:  Uncaught Error: Class "mysqli" not found in /var/www/html/api/get_user_data.php:30
Stack trace:
#0 {main}
  thrown in /var/www/html/api/get_user_data.php on line 30
[04-May-2025 19:21:12 UTC] PHP Fatal error:  Uncaught Error: Class "mysqli" not found in /var/www/html/api/get_user_data.php:30
Stack trace:
#0 {main}
  thrown in /var/www/html/api/get_user_data.php on line 30
[04-May-2025 19:26:31 UTC] PHP Fatal error:  Uncaught Error: Class "mysqli" not found in /var/www/html/api/get_user_data.php:30
Stack trace:
#0 {main}
  thrown in /var/www/html/api/get_user_data.php on line 30
[04-May-2025 19:29:29 UTC] PHP Fatal error:  Uncaught Error: Class "mysqli" not found in /var/www/html/api/get_user_data.php:30
Stack trace:
#0 {main}
  thrown in /var/www/html/api/get_user_data.php on line 30
[04-May-2025 19:29:47 UTC] PHP Fatal error:  Uncaught Error: Class "mysqli" not found in /var/www/html/api/get_user_data.php:30
Stack trace:
#0 {main}
  thrown in /var/www/html/api/get_user_data.php on line 30
[04-May-2025 19:29:54 UTC] PHP Fatal error:  Uncaught Error: Class "mysqli" not found in /var/www/html/api/get_user_data.php:30
Stack trace:
#0 {main}
  thrown in /var/www/html/api/get_user_data.php on line 30
[05-May-2025 08:46:29 UTC] PHP Fatal error:  Uncaught Error: Class "mysqli" not found in /var/www/html/api/get_user_data.php:30
Stack trace:
#0 {main}
  thrown in /var/www/html/api/get_user_data.php on line 30
[05-May-2025 10:04:27 UTC] PHP Fatal error:  Uncaught Error: Class "mysqli" not found in /var/www/html/api/get_user_data.php:30
Stack trace:
#0 {main}
  thrown in /var/www/html/api/get_user_data.php on line 30
[05-May-2025 10:05:02 UTC] PHP Fatal error:  Uncaught Error: Class "mysqli" not found in /var/www/html/api/get_user_data.php:30
Stack trace:
#0 {main}
  thrown in /var/www/html/api/get_user_data.php on line 30
[05-May-2025 10:05:38 UTC] PHP Fatal error:  Uncaught Error: Class "mysqli" not found in /var/www/html/api/get_user_data.php:30
Stack trace:
#0 {main}
  thrown in /var/www/html/api/get_user_data.php on line 30
[05-May-2025 11:30:21 UTC] PHP Fatal error:  Uncaught Error: Class "mysqli" not found in /var/www/html/api/get_user_data.php:30
Stack trace:
#0 {main}
  thrown in /var/www/html/api/get_user_data.php on line 30
[05-May-2025 11:30:27 UTC] PHP Fatal error:  Uncaught Error: Class "mysqli" not found in /var/www/html/api/get_user_data.php:30
Stack trace:
#0 {main}
  thrown in /var/www/html/api/get_user_data.php on line 30
[05-May-2025 11:30:29 UTC] PHP Fatal error:  Uncaught Error: Class "mysqli" not found in /var/www/html/api/get_user_data.php:30
Stack trace:
#0 {main}
  thrown in /var/www/html/api/get_user_data.php on line 30
[05-May-2025 11:30:42 UTC] PHP Fatal error:  Uncaught Error: Class "mysqli" not found in /var/www/html/api/get_user_data.php:30
Stack trace:
#0 {main}
  thrown in /var/www/html/api/get_user_data.php on line 30
[05-May-2025 11:31:09 UTC] PHP Fatal error:  Uncaught Error: Class "mysqli" not found in /var/www/html/api/get_user_data.php:30
Stack trace:
#0 {main}
  thrown in /var/www/html/api/get_user_data.php on line 30
[05-May-2025 11:31:24 UTC] PHP Fatal error:  Uncaught Error: Class "mysqli" not found in /var/www/html/api/get_user_data.php:30
Stack trace:
#0 {main}
  thrown in /var/www/html/api/get_user_data.php on line 30
[05-May-2025 11:31:35 UTC] PHP Fatal error:  Uncaught Error: Class "mysqli" not found in /var/www/html/api/get_user_data.php:30
Stack trace:
#0 {main}
  thrown in /var/www/html/api/get_user_data.php on line 30
[05-May-2025 11:32:30 UTC] PHP Fatal error:  Uncaught Error: Class "mysqli" not found in /var/www/html/api/get_user_data.php:30
Stack trace:
#0 {main}
  thrown in /var/www/html/api/get_user_data.php on line 30
[05-May-2025 11:32:33 UTC] PHP Fatal error:  Uncaught Error: Class "mysqli" not found in /var/www/html/api/get_user_data.php:30
Stack trace:
#0 {main}
  thrown in /var/www/html/api/get_user_data.php on line 30
[05-May-2025 11:38:40 UTC] PHP Fatal error:  Uncaught Error: Class "mysqli" not found in /var/www/html/api/get_user_data.php:30
Stack trace:
#0 {main}
  thrown in /var/www/html/api/get_user_data.php on line 30
[05-May-2025 11:38:44 UTC] PHP Fatal error:  Uncaught Error: Class "mysqli" not found in /var/www/html/api/get_user_data.php:30
Stack trace:
#0 {main}
  thrown in /var/www/html/api/get_user_data.php on line 30
[05-May-2025 11:38:50 UTC] PHP Fatal error:  Uncaught Error: Class "mysqli" not found in /var/www/html/api/get_user_data.php:30
Stack trace:
#0 {main}
  thrown in /var/www/html/api/get_user_data.php on line 30
[05-May-2025 11:38:58 UTC] PHP Fatal error:  Uncaught Error: Class "mysqli" not found in /var/www/html/api/get_user_data.php:30
Stack trace:
#0 {main}
  thrown in /var/www/html/api/get_user_data.php on line 30
[05-May-2025 11:39:05 UTC] PHP Fatal error:  Uncaught Error: Class "mysqli" not found in /var/www/html/api/get_user_data.php:30
Stack trace:
#0 {main}
  thrown in /var/www/html/api/get_user_data.php on line 30
[05-May-2025 11:42:07 UTC] PHP Fatal error:  Uncaught Error: Class "mysqli" not found in /var/www/html/api/get_user_data.php:30
Stack trace:
#0 {main}
  thrown in /var/www/html/api/get_user_data.php on line 30
[05-May-2025 11:42:19 UTC] PHP Fatal error:  Uncaught Error: Class "mysqli" not found in /var/www/html/api/get_user_data.php:30
Stack trace:
#0 {main}
  thrown in /var/www/html/api/get_user_data.php on line 30
[05-May-2025 11:42:26 UTC] PHP Fatal error:  Uncaught Error: Class "mysqli" not found in /var/www/html/api/get_user_data.php:30
Stack trace:
#0 {main}
  thrown in /var/www/html/api/get_user_data.php on line 30
[05-May-2025 11:42:39 UTC] PHP Fatal error:  Uncaught Error: Class "mysqli" not found in /var/www/html/api/get_user_data.php:30
Stack trace:
#0 {main}
  thrown in /var/www/html/api/get_user_data.php on line 30
[05-May-2025 11:52:23 UTC] PHP Fatal error:  Uncaught Error: Class "mysqli" not found in /var/www/html/api/get_user_data.php:30
Stack trace:
#0 {main}
  thrown in /var/www/html/api/get_user_data.php on line 30
[05-May-2025 11:52:29 UTC] PHP Fatal error:  Uncaught Error: Class "mysqli" not found in /var/www/html/api/get_user_data.php:30
Stack trace:
#0 {main}
  thrown in /var/www/html/api/get_user_data.php on line 30
[05-May-2025 11:53:21 UTC] PHP Fatal error:  Uncaught Error: Class "mysqli" not found in /var/www/html/api/get_user_data.php:30
Stack trace:
#0 {main}
  thrown in /var/www/html/api/get_user_data.php on line 30
[05-May-2025 11:54:14 UTC] PHP Fatal error:  Uncaught Error: Class "mysqli" not found in /var/www/html/api/get_user_data.php:30
Stack trace:
#0 {main}
  thrown in /var/www/html/api/get_user_data.php on line 30
[05-May-2025 11:54:28 UTC] PHP Fatal error:  Uncaught Error: Class "mysqli" not found in /var/www/html/api/get_user_data.php:30
Stack trace:
#0 {main}
  thrown in /var/www/html/api/get_user_data.php on line 30
[05-May-2025 11:54:36 UTC] PHP Fatal error:  Uncaught Error: Class "mysqli" not found in /var/www/html/api/get_user_data.php:30
Stack trace:
#0 {main}
  thrown in /var/www/html/api/get_user_data.php on line 30
[05-May-2025 11:54:48 UTC] PHP Fatal error:  Uncaught Error: Class "mysqli" not found in /var/www/html/api/get_user_data.php:30
Stack trace:
#0 {main}
  thrown in /var/www/html/api/get_user_data.php on line 30
[05-May-2025 11:54:55 UTC] PHP Fatal error:  Uncaught Error: Class "mysqli" not found in /var/www/html/api/get_user_data.php:30
Stack trace:
#0 {main}
  thrown in /var/www/html/api/get_user_data.php on line 30
[05-May-2025 11:54:59 UTC] PHP Fatal error:  Uncaught Error: Class "mysqli" not found in /var/www/html/api/get_user_data.php:30
Stack trace:
#0 {main}
  thrown in /var/www/html/api/get_user_data.php on line 30
[05-May-2025 11:56:45 UTC] PHP Fatal error:  Uncaught Error: Class "mysqli" not found in /var/www/html/api/get_user_data.php:30
Stack trace:
#0 {main}
  thrown in /var/www/html/api/get_user_data.php on line 30
[05-May-2025 11:56:46 UTC] PHP Fatal error:  Uncaught Error: Class "mysqli" not found in /var/www/html/api/get_user_data.php:30
Stack trace:
#0 {main}
  thrown in /var/www/html/api/get_user_data.php on line 30
[05-May-2025 11:56:53 UTC] PHP Fatal error:  Uncaught Error: Class "mysqli" not found in /var/www/html/api/get_user_data.php:30
Stack trace:
#0 {main}
  thrown in /var/www/html/api/get_user_data.php on line 30
[05-May-2025 11:58:17 UTC] PHP Fatal error:  Uncaught Error: Class "mysqli" not found in /var/www/html/api/get_user_data.php:30
Stack trace:
#0 {main}
  thrown in /var/www/html/api/get_user_data.php on line 30
[05-May-2025 11:58:24 UTC] PHP Fatal error:  Uncaught Error: Class "mysqli" not found in /var/www/html/api/get_user_data.php:30
Stack trace:
#0 {main}
  thrown in /var/www/html/api/get_user_data.php on line 30
[05-May-2025 11:59:28 UTC] PHP Fatal error:  Uncaught Error: Class "mysqli" not found in /var/www/html/api/get_user_data.php:30
Stack trace:
#0 {main}
  thrown in /var/www/html/api/get_user_data.php on line 30
[05-May-2025 11:59:52 UTC] PHP Fatal error:  Uncaught Error: Class "mysqli" not found in /var/www/html/api/get_user_data.php:30
Stack trace:
#0 {main}
  thrown in /var/www/html/api/get_user_data.php on line 30
[05-May-2025 11:59:55 UTC] PHP Fatal error:  Uncaught Error: Class "mysqli" not found in /var/www/html/api/get_user_data.php:30
Stack trace:
#0 {main}
  thrown in /var/www/html/api/get_user_data.php on line 30
[05-May-2025 11:59:59 UTC] PHP Fatal error:  Uncaught Error: Class "mysqli" not found in /var/www/html/api/get_user_data.php:30
Stack trace:
#0 {main}
  thrown in /var/www/html/api/get_user_data.php on line 30
[05-May-2025 12:00:39 UTC] PHP Fatal error:  Uncaught Error: Class "mysqli" not found in /var/www/html/api/get_user_data.php:30
Stack trace:
#0 {main}
  thrown in /var/www/html/api/get_user_data.php on line 30
[05-May-2025 12:01:24 UTC] PHP Fatal error:  Uncaught Error: Class "mysqli" not found in /var/www/html/api/get_user_data.php:30
Stack trace:
#0 {main}
  thrown in /var/www/html/api/get_user_data.php on line 30
[05-May-2025 12:01:27 UTC] PHP Fatal error:  Uncaught Error: Class "mysqli" not found in /var/www/html/api/get_user_data.php:30
Stack trace:
#0 {main}
  thrown in /var/www/html/api/get_user_data.php on line 30
[05-May-2025 12:01:54 UTC] PHP Fatal error:  Uncaught Error: Class "mysqli" not found in /var/www/html/api/get_user_data.php:30
Stack trace:
#0 {main}
  thrown in /var/www/html/api/get_user_data.php on line 30
[05-May-2025 12:02:08 UTC] PHP Fatal error:  Uncaught Error: Class "mysqli" not found in /var/www/html/api/get_user_data.php:30
Stack trace:
#0 {main}
  thrown in /var/www/html/api/get_user_data.php on line 30
[05-May-2025 12:02:38 UTC] PHP Fatal error:  Uncaught Error: Class "mysqli" not found in /var/www/html/api/get_user_data.php:30
Stack trace:
#0 {main}
  thrown in /var/www/html/api/get_user_data.php on line 30
[05-May-2025 12:03:27 UTC] PHP Fatal error:  Uncaught Error: Class "mysqli" not found in /var/www/html/api/get_user_data.php:30
Stack trace:
#0 {main}
  thrown in /var/www/html/api/get_user_data.php on line 30
[05-May-2025 12:05:56 UTC] PHP Fatal error:  Uncaught Error: Class "mysqli" not found in /var/www/html/api/get_user_data.php:30
Stack trace:
#0 {main}
  thrown in /var/www/html/api/get_user_data.php on line 30
[05-May-2025 12:06:06 UTC] PHP Fatal error:  Uncaught Error: Class "mysqli" not found in /var/www/html/api/get_user_data.php:30
Stack trace:
#0 {main}
  thrown in /var/www/html/api/get_user_data.php on line 30
[05-May-2025 12:06:20 UTC] PHP Fatal error:  Uncaught Error: Class "mysqli" not found in /var/www/html/api/get_user_data.php:30
Stack trace:
#0 {main}
  thrown in /var/www/html/api/get_user_data.php on line 30
[05-May-2025 12:09:25 UTC] PHP Fatal error:  Uncaught Error: Class "mysqli" not found in /var/www/html/api/get_user_data.php:30
Stack trace:
#0 {main}
  thrown in /var/www/html/api/get_user_data.php on line 30
[05-May-2025 12:29:46 UTC] PHP Fatal error:  Uncaught Error: Class "mysqli" not found in /var/www/html/api/get_user_data.php:30
Stack trace:
#0 {main}
  thrown in /var/www/html/api/get_user_data.php on line 30
[05-May-2025 12:31:05 UTC] PHP Fatal error:  Uncaught Error: Class "mysqli" not found in /var/www/html/api/get_user_data.php:30
Stack trace:
#0 {main}
  thrown in /var/www/html/api/get_user_data.php on line 30
[05-May-2025 12:46:14 UTC] PHP Fatal error:  Uncaught Error: Class "mysqli" not found in /var/www/html/api/get_user_data.php:30
Stack trace:
#0 {main}
  thrown in /var/www/html/api/get_user_data.php on line 30
[05-May-2025 13:11:32 UTC] PHP Fatal error:  Uncaught Error: Class "mysqli" not found in /var/www/html/api/get_user_data.php:30
Stack trace:
#0 {main}
  thrown in /var/www/html/api/get_user_data.php on line 30
[05-May-2025 13:11:45 UTC] PHP Fatal error:  Uncaught Error: Class "mysqli" not found in /var/www/html/api/get_user_data.php:30
Stack trace:
#0 {main}
  thrown in /var/www/html/api/get_user_data.php on line 30
[05-May-2025 18:36:22 UTC] PHP Fatal error:  Uncaught Error: Class "mysqli" not found in /var/www/html/api/get_user_data.php:30
Stack trace:
#0 {main}
  thrown in /var/www/html/api/get_user_data.php on line 30
[05-May-2025 18:36:40 UTC] PHP Fatal error:  Uncaught Error: Class "mysqli" not found in /var/www/html/api/get_user_data.php:30
Stack trace:
#0 {main}
  thrown in /var/www/html/api/get_user_data.php on line 30
[05-May-2025 18:36:44 UTC] PHP Fatal error:  Uncaught Error: Class "mysqli" not found in /var/www/html/api/get_user_data.php:30
Stack trace:
#0 {main}
  thrown in /var/www/html/api/get_user_data.php on line 30
[06-May-2025 08:21:38 UTC] PHP Fatal error:  Uncaught Error: Class "mysqli" not found in /var/www/html/api/get_user_data.php:30
Stack trace:
#0 {main}
  thrown in /var/www/html/api/get_user_data.php on line 30
[06-May-2025 08:21:38 UTC] PHP Fatal error:  Uncaught Error: Class "mysqli" not found in /var/www/html/api/get_user_data.php:30
Stack trace:
#0 {main}
  thrown in /var/www/html/api/get_user_data.php on line 30
[06-May-2025 08:22:02 UTC] PHP Fatal error:  Uncaught Error: Class "mysqli" not found in /var/www/html/api/get_user_data.php:30
Stack trace:
#0 {main}
  thrown in /var/www/html/api/get_user_data.php on line 30
[06-May-2025 09:29:06 UTC] PHP Fatal error:  Uncaught Error: Class "mysqli" not found in /var/www/html/api/get_user_data.php:30
Stack trace:
#0 {main}
  thrown in /var/www/html/api/get_user_data.php on line 30
